<?xml version="1.0" encoding="UTF-8"?>
<!-- Generated by org.testng.reporters.JUnitXMLReporter -->
<testsuite ignored="0" hostname="LP-TZD-0X45652" failures="0" tests="4" name="Test" time="17.942" errors="0" timestamp="2026-01-23T15:20:41 IST">
  <testcase classname="SeleniumPac.TC_ParallelTest" name="@AfterMethod teardown" time="6.63">
    <failure type="org.openqa.selenium.WebDriverException" message="Timed out waiting for driver server to stop.
Build info: version: &amp;apos;4.39.0&amp;apos;, revision: &amp;apos;126f156aee&amp;apos;
System info: os.name: &amp;apos;Windows 11&amp;apos;, os.arch: &amp;apos;amd64&amp;apos;, os.version: &amp;apos;10.0&amp;apos;, java.version: &amp;apos;21.0.9&amp;apos;
Driver info: org.openqa.selenium.chrome.ChromeDriver
Command: [5cb9763a5fe894e40ea844f2e20cd9ea, quit {}]
Capabilities {acceptInsecureCerts: false, browserName: chrome, browserVersion: 143.0.7499.194, chrome: {chromedriverVersion: 143.0.7499.192 (be2c1f4fd45..., userDataDir: C:\Users\SNEHA3~1.KUM\AppDa...}, fedcm:accounts: true, goog:chromeOptions: {debuggerAddress: localhost:60062}, goog:processID: 21288, networkConnectionEnabled: false, pageLoadStrategy: normal, platformName: windows, proxy: Proxy(), se:cdp: ws://localhost:60062/devtoo..., se:cdpVersion: 143.0.7499.194, setWindowRect: true, strictFileInteractability: false, timeouts: {implicit: 0, pageLoad: 300000, script: 30000}, unhandledPromptBehavior: dismiss and notify, webauthn:extension:credBlob: true, webauthn:extension:largeBlob: true, webauthn:extension:minPinLength: true, webauthn:extension:prf: true, webauthn:virtualAuthenticators: true}">
      <![CDATA[org.openqa.selenium.WebDriverException: Timed out waiting for driver server to stop.
Build info: version: '4.39.0', revision: '126f156aee'
System info: os.name: 'Windows 11', os.arch: 'amd64', os.version: '10.0', java.version: '21.0.9'
Driver info: org.openqa.selenium.chrome.ChromeDriver
Command: [5cb9763a5fe894e40ea844f2e20cd9ea, quit {}]
Capabilities {acceptInsecureCerts: false, browserName: chrome, browserVersion: 143.0.7499.194, chrome: {chromedriverVersion: 143.0.7499.192 (be2c1f4fd45..., userDataDir: C:\Users\SNEHA3~1.KUM\AppDa...}, fedcm:accounts: true, goog:chromeOptions: {debuggerAddress: localhost:60062}, goog:processID: 21288, networkConnectionEnabled: false, pageLoadStrategy: normal, platformName: windows, proxy: Proxy(), se:cdp: ws://localhost:60062/devtoo..., se:cdpVersion: 143.0.7499.194, setWindowRect: true, strictFileInteractability: false, timeouts: {implicit: 0, pageLoad: 300000, script: 30000}, unhandledPromptBehavior: dismiss and notify, webauthn:extension:credBlob: true, webauthn:extension:largeBlob: true, webauthn:extension:minPinLength: true, webauthn:extension:prf: true, webauthn:virtualAuthenticators: true}
at org.openqa.selenium.remote.service.DriverCommandExecutor.execute(DriverCommandExecutor.java:164)
at org.openqa.selenium.remote.RemoteWebDriver.execute(RemoteWebDriver.java:561)
at org.openqa.selenium.remote.RemoteWebDriver.execute(RemoteWebDriver.java:638)
at org.openqa.selenium.remote.RemoteWebDriver.execute(RemoteWebDriver.java:642)
at org.openqa.selenium.remote.RemoteWebDriver.quit(RemoteWebDriver.java:462)
at org.openqa.selenium.chromium.ChromiumDriver.quit(ChromiumDriver.java:414)
at SeleniumPac.TC_ParallelTest.teardown(TC_ParallelTest.java:45)
at java.base/java.util.concurrent.Executors$RunnableAdapter.call(Executors.java:572)
at java.base/java.util.concurrent.FutureTask.run(FutureTask.java:317)
at java.base/java.util.concurrent.ThreadPoolExecutor.runWorker(ThreadPoolExecutor.java:1144)
at java.base/java.util.concurrent.ThreadPoolExecutor$Worker.run(ThreadPoolExecutor.java:642)
at java.base/java.lang.Thread.run(Thread.java:1583)
Caused by: java.util.concurrent.ExecutionException: java.util.concurrent.RejectedExecutionException: Task java.util.concurrent.FutureTask@333f4eda[Not completed, task = java.util.concurrent.Executors$RunnableAdapter@720244e1[Wrapped task = org.openqa.selenium.remote.http.jdk.JdkHttpClient$$Lambda/0x000001ea5d25c988@763dde79]] rejected from java.util.concurrent.ThreadPoolExecutor@1664a787[Shutting down, pool size = 2, active threads = 0, queued tasks = 0, completed tasks = 29]
at java.base/java.util.concurrent.CompletableFuture.reportGet(CompletableFuture.java:396)
at java.base/java.util.concurrent.CompletableFuture.get(CompletableFuture.java:2096)
at org.openqa.selenium.remote.service.DriverCommandExecutor.execute(DriverCommandExecutor.java:160)
... 27 more
Caused by: java.util.concurrent.RejectedExecutionException: Task java.util.concurrent.FutureTask@333f4eda[Not completed, task = java.util.concurrent.Executors$RunnableAdapter@720244e1[Wrapped task = org.openqa.selenium.remote.http.jdk.JdkHttpClient$$Lambda/0x000001ea5d25c988@763dde79]] rejected from java.util.concurrent.ThreadPoolExecutor@1664a787[Shutting down, pool size = 2, active threads = 0, queued tasks = 0, completed tasks = 29]
at java.base/java.util.concurrent.ThreadPoolExecutor$AbortPolicy.rejectedExecution(ThreadPoolExecutor.java:2081)
at java.base/java.util.concurrent.ThreadPoolExecutor.reject(ThreadPoolExecutor.java:841)
at java.base/java.util.concurrent.ThreadPoolExecutor.execute(ThreadPoolExecutor.java:1376)
at java.base/java.util.concurrent.AbstractExecutorService.submit(AbstractExecutorService.java:123)
at org.openqa.selenium.remote.http.jdk.JdkHttpClient.executeAsync(JdkHttpClient.java:385)
at org.openqa.selenium.remote.http.jdk.JdkHttpClient.execute(JdkHttpClient.java:414)
at org.openqa.selenium.remote.HttpCommandExecutor.execute(HttpCommandExecutor.java:212)
at org.openqa.selenium.remote.service.DriverCommandExecutor.invokeExecute(DriverCommandExecutor.java:216)
at org.openqa.selenium.remote.service.DriverCommandExecutor.lambda$execute$1(DriverCommandExecutor.java:126)
at java.base/java.util.concurrent.CompletableFuture$AsyncSupply.run(CompletableFuture.java:1768)
... 3 more
... Removed 16 stack frames]]>
    </failure>
  </testcase> <!-- @AfterMethod teardown -->
  <testcase classname="SeleniumPac.TC_PT2" name="test4" time="8.58"/>
  <testcase classname="SeleniumPac.TC_ParallelTest" name="test2" time="2.432"/>
  <testcase classname="SeleniumPac.TC_ParallelTest" name="test1" time="4.439"/>
  <testcase classname="SeleniumPac.TC_ParallelTest" name="test3" time="10.545"/>
</testsuite> <!-- Test -->
