<?xml version="1.0" encoding="UTF-8"?>
<testng-results ignored="0" total="1" passed="1" failed="0" skipped="0">
  <reporter-output>
  </reporter-output>
  <suite started-at="2026-02-01T15:27:15 IST" name="Default suite" finished-at="2026-02-01T15:28:14 IST" duration-ms="58907">
    <groups>
    </groups>
    <test started-at="2026-02-01T15:27:15 IST" name="Default test" finished-at="2026-02-01T15:28:14 IST" duration-ms="58907">
      <class name="SeleniumPac.TC_sneha">
        <test-method is-config="true" signature="setUp()[pri:0, instance:SeleniumPac.TC_sneha@77c2494c]" started-at="2026-02-01T15:27:16 IST" name="setUp" finished-at="2026-02-01T15:27:19 IST" duration-ms="3699" status="PASS">
          <reporter-output>
          </reporter-output>
        </test-method> <!-- setUp -->
        <test-method signature="tc1()[pri:0, instance:SeleniumPac.TC_sneha@77c2494c]" started-at="2026-02-01T15:27:19 IST" name="tc1" finished-at="2026-02-01T15:28:13 IST" duration-ms="54155" status="PASS">
          <reporter-output>
          </reporter-output>
        </test-method> <!-- tc1 -->
        <test-method is-config="true" signature="tearDown()[pri:0, instance:SeleniumPac.TC_sneha@77c2494c]" started-at="2026-02-01T15:28:13 IST" name="tearDown" finished-at="2026-02-01T15:28:14 IST" duration-ms="991" status="PASS">
          <reporter-output>
          </reporter-output>
        </test-method> <!-- tearDown -->
      </class> <!-- SeleniumPac.TC_sneha -->
    </test> <!-- Default test -->
  </suite> <!-- Default suite -->
</testng-results>
