<?xml version="1.0" encoding="UTF-8"?>
<testng-results ignored="0" total="1" passed="1" failed="0" skipped="0">
  <reporter-output>
  </reporter-output>
  <suite started-at="2026-01-27T16:26:05 IST" name="Default suite" finished-at="2026-01-27T16:26:32 IST" duration-ms="27280">
    <groups>
    </groups>
    <test started-at="2026-01-27T16:26:05 IST" name="Default test" finished-at="2026-01-27T16:26:32 IST" duration-ms="27280">
      <class name="SeleniumPac.TC_TestNG2_XML">
        <test-method is-config="true" signature="beforeSuite()[pri:0, instance:SeleniumPac.TC_TestNG2_XML@38afe297]" started-at="2026-01-27T16:26:05 IST" name="beforeSuite" finished-at="2026-01-27T16:26:05 IST" duration-ms="18" status="PASS">
          <reporter-output>
          </reporter-output>
        </test-method> <!-- beforeSuite -->
        <test-method is-config="true" signature="beforeTest()[pri:0, instance:SeleniumPac.TC_TestNG2_XML@38afe297]" started-at="2026-01-27T16:26:05 IST" name="beforeTest" finished-at="2026-01-27T16:26:05 IST" duration-ms="1" status="PASS">
          <reporter-output>
          </reporter-output>
        </test-method> <!-- beforeTest -->
        <test-method is-config="true" signature="beforeClass()[pri:0, instance:SeleniumPac.TC_TestNG2_XML@38afe297]" started-at="2026-01-27T16:26:05 IST" name="beforeClass" finished-at="2026-01-27T16:26:05 IST" duration-ms="1" status="PASS">
          <reporter-output>
          </reporter-output>
        </test-method> <!-- beforeClass -->
        <test-method is-config="true" signature="beforeMethod()[pri:0, instance:SeleniumPac.TC_TestNG2_XML@38afe297]" started-at="2026-01-27T16:26:05 IST" name="beforeMethod" finished-at="2026-01-27T16:26:10 IST" duration-ms="4871" status="PASS">
          <reporter-output>
          </reporter-output>
        </test-method> <!-- beforeMethod -->
        <test-method signature="f(java.lang.String,java.lang.String,java.lang.String)[pri:0, instance:SeleniumPac.TC_TestNG2_XML@38afe297]" started-at="2026-01-27T16:26:10 IST" name="f" data-provider="dp" finished-at="2026-01-27T16:26:31 IST" duration-ms="21556" status="PASS">
          <params>
            <param index="0">
              <value>
                <![CDATA[https://opensource-demo.orangehrmlive.com/web/index.php/auth/login]]>
              </value>
            </param>
            <param index="1">
              <value>
                <![CDATA[Admin]]>
              </value>
            </param>
            <param index="2">
              <value>
                <![CDATA[admin123]]>
              </value>
            </param>
          </params>
          <reporter-output>
          </reporter-output>
        </test-method> <!-- f -->
        <test-method is-config="true" signature="afterMethod()[pri:0, instance:SeleniumPac.TC_TestNG2_XML@38afe297]" started-at="2026-01-27T16:26:31 IST" name="afterMethod" finished-at="2026-01-27T16:26:32 IST" duration-ms="792" status="PASS">
          <reporter-output>
          </reporter-output>
        </test-method> <!-- afterMethod -->
        <test-method is-config="true" signature="afterClass()[pri:0, instance:SeleniumPac.TC_TestNG2_XML@38afe297]" started-at="2026-01-27T16:26:32 IST" name="afterClass" finished-at="2026-01-27T16:26:32 IST" duration-ms="0" status="PASS">
          <reporter-output>
          </reporter-output>
        </test-method> <!-- afterClass -->
        <test-method is-config="true" signature="afterTest()[pri:0, instance:SeleniumPac.TC_TestNG2_XML@38afe297]" started-at="2026-01-27T16:26:32 IST" name="afterTest" finished-at="2026-01-27T16:26:32 IST" duration-ms="1" status="PASS">
          <reporter-output>
          </reporter-output>
        </test-method> <!-- afterTest -->
        <test-method is-config="true" signature="afterSuite()[pri:0, instance:SeleniumPac.TC_TestNG2_XML@38afe297]" started-at="2026-01-27T16:26:32 IST" name="afterSuite" finished-at="2026-01-27T16:26:32 IST" duration-ms="1" status="PASS">
          <reporter-output>
          </reporter-output>
        </test-method> <!-- afterSuite -->
      </class> <!-- SeleniumPac.TC_TestNG2_XML -->
    </test> <!-- Default test -->
  </suite> <!-- Default suite -->
</testng-results>
