<?xml version="1.0" encoding="UTF-8"?>
<!-- Generated by org.testng.reporters.JUnitReportReporter -->
<testsuite hostname="LP-TZD-0X45652" failures="0" tests="4" name="RestApiTesting.USER_CURD" time="7.954" errors="0" timestamp="2026-01-31T10:13:18 IST" skipped="0">
  <testcase classname="RestApiTesting.USER_CURD" name="postuser1" time="4.618"/>
  <testcase classname="RestApiTesting.USER_CURD" name="putuser" time="1.073"/>
  <testcase classname="RestApiTesting.USER_CURD" name="patchuser" time="1.356"/>
  <testcase classname="RestApiTesting.USER_CURD" name="deleteuser" time="0.907"/>
</testsuite> <!-- RestApiTesting.USER_CURD -->
