<?xml version="1.0" encoding="UTF-8"?>
<!-- Generated by org.testng.reporters.JUnitReportReporter -->
<testsuite hostname="LP-TZD-0X45652" failures="0" tests="2" name="SeleniumPac.TC_TestNGTest_PageFactory" time="34.413" errors="0" timestamp="2026-01-27T12:44:01 IST" skipped="0">
  <testcase classname="SeleniumPac.TC_TestNGTest_PageFactory" name="f" time="18.339"/>
  <testcase classname="SeleniumPac.TC_TestNGTest_PageFactory" name="f" time="16.074"/>
</testsuite> <!-- SeleniumPac.TC_TestNGTest_PageFactory -->
